Detecting C compiler ABI info failed to compile with the following output:
Change Dir: /common/College/3S1-Junior/Open Source/git_stuff/oss-repo-template/labs/lab-05/Lab-CMake/build/CMakeFiles/CMakeTmp

Run Build Command:"/usr/bin/gmake" "cmTC_45b28/fast"
/usr/bin/gmake -f CMakeFiles/cmTC_45b28.dir/build.make CMakeFiles/cmTC_45b28.dir/build
gmake[1]: Entering directory '/common/College/3S1-Junior/Open Source/git_stuff/oss-repo-template/labs/lab-05/Lab-CMake/build/CMakeFiles/CMakeTmp'
Building C object CMakeFiles/cmTC_45b28.dir/CMakeCCompilerABI.c.o
/usr/lib64/ccache/cc    -o CMakeFiles/cmTC_45b28.dir/CMakeCCompilerABI.c.o   -c /usr/share/cmake/Modules/CMakeCCompilerABI.c
Linking C executable cmTC_45b28
/usr/bin/cmake -E cmake_link_script CMakeFiles/cmTC_45b28.dir/link.txt --verbose=1
/usr/lib64/ccache/cc     -v -rdynamic CMakeFiles/cmTC_45b28.dir/CMakeCCompilerABI.c.o  -o cmTC_45b28 
Using built-in specs.
COLLECT_GCC=/usr/bin/cc
COLLECT_LTO_WRAPPER=/usr/libexec/gcc/x86_64-redhat-linux/7/lto-wrapper
OFFLOAD_TARGET_NAMES=nvptx-none
OFFLOAD_TARGET_DEFAULT=1
Target: x86_64-redhat-linux
Configured with: ../configure --enable-bootstrap --enable-languages=c,c++,objc,obj-c++,fortran,ada,go,lto --prefix=/usr --mandir=/usr/share/man --infodir=/usr/share/info --with-bugurl=http://bugzilla.redhat.com/bugzilla --enable-shared --enable-threads=posix --enable-checking=release --enable-multilib --with-system-zlib --enable-__cxa_atexit --disable-libunwind-exceptions --enable-gnu-unique-object --enable-linker-build-id --with-gcc-major-version-only --with-linker-hash-style=gnu --enable-plugin --enable-initfini-array --with-isl --enable-libmpx --enable-offload-targets=nvptx-none --without-cuda-driver --enable-gnu-indirect-function --with-tune=generic --with-arch_32=i686 --build=x86_64-redhat-linux
Thread model: posix
gcc version 7.3.1 20180130 (Red Hat 7.3.1-2) (GCC) 
COMPILER_PATH=/usr/libexec/gcc/x86_64-redhat-linux/7/:/usr/libexec/gcc/x86_64-redhat-linux/7/:/usr/libexec/gcc/x86_64-redhat-linux/:/usr/lib/gcc/x86_64-redhat-linux/7/:/usr/lib/gcc/x86_64-redhat-linux/
LIBRARY_PATH=/usr/lib/gcc/x86_64-redhat-linux/7/:/usr/lib/gcc/x86_64-redhat-linux/7/../../../../lib64/:/lib/../lib64/:/usr/lib/../lib64/:/usr/lib/gcc/x86_64-redhat-linux/7/../../../:/lib/:/usr/lib/
COLLECT_GCC_OPTIONS='-v' '-rdynamic' '-o' 'cmTC_45b28' '-mtune=generic' '-march=x86-64'
 /usr/libexec/gcc/x86_64-redhat-linux/7/collect2 -plugin /usr/libexec/gcc/x86_64-redhat-linux/7/liblto_plugin.so -plugin-opt=/usr/libexec/gcc/x86_64-redhat-linux/7/lto-wrapper -plugin-opt=-fresolution=/tmp/ccH3Kr0A.res -plugin-opt=-pass-through=-lgcc -plugin-opt=-pass-through=-lgcc_s -plugin-opt=-pass-through=-lc -plugin-opt=-pass-through=-lgcc -plugin-opt=-pass-through=-lgcc_s --build-id --no-add-needed --eh-frame-hdr --hash-style=gnu -m elf_x86_64 -export-dynamic -dynamic-linker /lib64/ld-linux-x86-64.so.2 -o cmTC_45b28 /usr/lib/gcc/x86_64-redhat-linux/7/../../../../lib64/crt1.o /usr/lib/gcc/x86_64-redhat-linux/7/../../../../lib64/crti.o /usr/lib/gcc/x86_64-redhat-linux/7/crtbegin.o -L/usr/lib/gcc/x86_64-redhat-linux/7 -L/usr/lib/gcc/x86_64-redhat-linux/7/../../../../lib64 -L/lib/../lib64 -L/usr/lib/../lib64 -L/usr/lib/gcc/x86_64-redhat-linux/7/../../.. CMakeFiles/cmTC_45b28.dir/CMakeCCompilerABI.c.o -lgcc --as-needed -lgcc_s --no-as-needed -lc -lgcc --as-needed -lgcc_s --no-as-needed /usr/lib/gcc/x86_64-redhat-linux/7/crtend.o /usr/lib/gcc/x86_64-redhat-linux/7/../../../../lib64/crtn.o
COLLECT_GCC_OPTIONS='-v' '-rdynamic' '-o' 'cmTC_45b28' '-mtune=generic' '-march=x86-64'
gmake[1]: Leaving directory '/common/College/3S1-Junior/Open Source/git_stuff/oss-repo-template/labs/lab-05/Lab-CMake/build/CMakeFiles/CMakeTmp'

Cannot copy output executable
  '/common/College/3S1-Junior/Open Source/git_stuff/oss-repo-template/labs/lab-05/Lab-CMake/build/CMakeFiles/CMakeTmp/cmTC_45b28'
to destination specified by COPY_FILE:
  '/common/College/3S1-Junior/Open Source/git_stuff/oss-repo-template/labs/lab-05/Lab-CMake/build/CMakeFiles/3.11.0/CMakeDetermineCompilerABI_C.bin'


Detecting C [-std=c11] compiler features failed to compile with the following output:
Change Dir: /common/College/3S1-Junior/Open Source/git_stuff/oss-repo-template/labs/lab-05/Lab-CMake/build/CMakeFiles/CMakeTmp

Run Build Command:"/usr/bin/gmake" "cmTC_25972/fast"
/usr/bin/gmake -f CMakeFiles/cmTC_25972.dir/build.make CMakeFiles/cmTC_25972.dir/build
gmake[1]: Entering directory '/common/College/3S1-Junior/Open Source/git_stuff/oss-repo-template/labs/lab-05/Lab-CMake/build/CMakeFiles/CMakeTmp'
Building C object CMakeFiles/cmTC_25972.dir/feature_tests.c.o
/usr/lib64/ccache/cc   -std=c11 -o CMakeFiles/cmTC_25972.dir/feature_tests.c.o   -c "/common/College/3S1-Junior/Open Source/git_stuff/oss-repo-template/labs/lab-05/Lab-CMake/build/CMakeFiles/feature_tests.c"
Linking C executable cmTC_25972
/usr/bin/cmake -E cmake_link_script CMakeFiles/cmTC_25972.dir/link.txt --verbose=1
/usr/lib64/ccache/cc      -rdynamic CMakeFiles/cmTC_25972.dir/feature_tests.c.o  -o cmTC_25972 
gmake[1]: Leaving directory '/common/College/3S1-Junior/Open Source/git_stuff/oss-repo-template/labs/lab-05/Lab-CMake/build/CMakeFiles/CMakeTmp'

Cannot copy output executable
  '/common/College/3S1-Junior/Open Source/git_stuff/oss-repo-template/labs/lab-05/Lab-CMake/build/CMakeFiles/CMakeTmp/cmTC_25972'
to destination specified by COPY_FILE:
  '/common/College/3S1-Junior/Open Source/git_stuff/oss-repo-template/labs/lab-05/Lab-CMake/build/CMakeFiles/feature_tests.bin'


