The system is: Linux - 4.16.11-100.fc26.x86_64 - x86_64
Compiling the C compiler identification source file "CMakeCCompilerId.c" succeeded.
Compiler: /usr/lib64/ccache/cc 
Build flags: 
Id flags:  

The output was:
0


Compilation of the C compiler identification source "CMakeCCompilerId.c" produced "a.out"

The C compiler identification is GNU, found in "/common/College/3S1-Junior/Open Source/git_stuff/oss-repo-template/labs/lab-05/Lab-CMake/build/CMakeFiles/3.11.0/CompilerIdC/a.out"

Determining if the C compiler works passed with the following output:
Change Dir: /common/College/3S1-Junior/Open Source/git_stuff/oss-repo-template/labs/lab-05/Lab-CMake/build/CMakeFiles/CMakeTmp

Run Build Command:"/usr/bin/gmake" "cmTC_6b339/fast"
/usr/bin/gmake -f CMakeFiles/cmTC_6b339.dir/build.make CMakeFiles/cmTC_6b339.dir/build
gmake[1]: Entering directory '/common/College/3S1-Junior/Open Source/git_stuff/oss-repo-template/labs/lab-05/Lab-CMake/build/CMakeFiles/CMakeTmp'
Building C object CMakeFiles/cmTC_6b339.dir/testCCompiler.c.o
/usr/lib64/ccache/cc    -o CMakeFiles/cmTC_6b339.dir/testCCompiler.c.o   -c "/common/College/3S1-Junior/Open Source/git_stuff/oss-repo-template/labs/lab-05/Lab-CMake/build/CMakeFiles/CMakeTmp/testCCompiler.c"
Linking C executable cmTC_6b339
/usr/bin/cmake -E cmake_link_script CMakeFiles/cmTC_6b339.dir/link.txt --verbose=1
/usr/lib64/ccache/cc      -rdynamic CMakeFiles/cmTC_6b339.dir/testCCompiler.c.o  -o cmTC_6b339 
gmake[1]: Leaving directory '/common/College/3S1-Junior/Open Source/git_stuff/oss-repo-template/labs/lab-05/Lab-CMake/build/CMakeFiles/CMakeTmp'


